<?xml version="1.0" encoding="UTF-8"?>
<!-- Generated by org.testng.reporters.JUnitReportReporter -->
<testsuite ignored="0" hostname="DESKTOP-LHELV1T" failures="0" tests="1" name="TestCases.AfterLogin" time="19.729" errors="0" timestamp="22 Nov 2021 00:07:31 GMT" skipped="0">
  <testcase classname="TestCases.AfterLogin" name="tc05DropDown" time="19.729"/>
</testsuite> <!-- TestCases.AfterLogin -->
